[debug] [2020-04-19T23:13:02.062Z] ----------------------------------------------------------------------
[debug] [2020-04-19T23:13:02.065Z] Command:       /home/moses/.nvm/versions/node/v10.16.3/bin/node /home/moses/.nvm/versions/node/v10.16.3/bin/firebase init hosting
[debug] [2020-04-19T23:13:02.066Z] CLI Version:   8.1.0
[debug] [2020-04-19T23:13:02.066Z] Platform:      linux
[debug] [2020-04-19T23:13:02.066Z] Node Version:  v10.16.3
[debug] [2020-04-19T23:13:02.067Z] Time:          Mon Apr 20 2020 00:13:02 GMT+0100 (West Africa Standard Time)
[debug] [2020-04-19T23:13:02.067Z] ----------------------------------------------------------------------
[debug] [2020-04-19T23:13:02.067Z] 
[debug] [2020-04-19T23:13:02.076Z] > command requires scopes: ["email","openid","https://www.googleapis.com/auth/cloudplatformprojects.readonly","https://www.googleapis.com/auth/firebase","https://www.googleapis.com/auth/cloud-platform"]
[debug] [2020-04-19T23:13:02.077Z] > authorizing via signed-in user
[info] 
     ######## #### ########  ######## ########     ###     ######  ########
     ##        ##  ##     ## ##       ##     ##  ##   ##  ##       ##
     ######    ##  ########  ######   ########  #########  ######  ######
     ##        ##  ##    ##  ##       ##     ## ##     ##       ## ##
     ##       #### ##     ## ######## ########  ##     ##  ######  ########

You're about to initialize a Firebase project in this directory:

  /home/moses/Desktop/Data Site/Front-end

Before we get started, keep in mind:

  * You are initializing in an existing Firebase project directory

[info] 
=== Project Setup
[info] 
[info] First, let's associate this project directory with a Firebase project.
[info] You can create multiple project aliases by running firebase use --add, 
[info] but for now we'll just set up a default project.
[info] 
[info] i  .firebaserc already has a default project, using q-topup.
[debug] [2020-04-19T23:13:02.092Z] >>> HTTP REQUEST GET https://firebase.googleapis.com/v1beta1/projects/q-topup  
 
[debug] [2020-04-19T23:13:02.609Z] Server Error. connect ENETUNREACH 216.58.223.202:443
[debug] [2020-04-19T23:13:12.704Z] FirebaseError: Server Error. connect ENETUNREACH 216.58.223.202:443
    at Request._callback (/home/moses/.nvm/versions/node/v10.16.3/lib/node_modules/firebase-tools/lib/api.js:32:31)
    at self.callback (/home/moses/.nvm/versions/node/v10.16.3/lib/node_modules/firebase-tools/node_modules/request/request.js:185:22)
    at Request.emit (events.js:198:13)
    at Request.EventEmitter.emit (domain.js:448:20)
    at Request.onRequestError (/home/moses/.nvm/versions/node/v10.16.3/lib/node_modules/firebase-tools/node_modules/request/request.js:877:8)
    at ClientRequest.emit (events.js:203:15)
    at ClientRequest.EventEmitter.emit (domain.js:448:20)
    at TLSSocket.socketErrorListener (_http_client.js:392:9)
    at TLSSocket.emit (events.js:198:13)
    at TLSSocket.EventEmitter.emit (domain.js:448:20)
    at emitErrorNT (internal/streams/destroy.js:91:8)
    at emitErrorAndCloseNT (internal/streams/destroy.js:59:3)
    at process._tickCallback (internal/process/next_tick.js:63:19)
[error] 
[error] Error: Failed to get Firebase project q-topup. Please make sure the project exists and your account has permission to access it.
[debug] [2020-04-19T23:13:35.592Z] ----------------------------------------------------------------------
[debug] [2020-04-19T23:13:35.596Z] Command:       /home/moses/.nvm/versions/node/v10.16.3/bin/node /home/moses/.nvm/versions/node/v10.16.3/bin/firebase serve
[debug] [2020-04-19T23:13:35.596Z] CLI Version:   8.1.0
[debug] [2020-04-19T23:13:35.597Z] Platform:      linux
[debug] [2020-04-19T23:13:35.597Z] Node Version:  v10.16.3
[debug] [2020-04-19T23:13:35.597Z] Time:          Mon Apr 20 2020 00:13:35 GMT+0100 (West Africa Standard Time)
[debug] [2020-04-19T23:13:35.597Z] ----------------------------------------------------------------------
[debug] [2020-04-19T23:13:35.597Z] 
[debug] [2020-04-19T23:13:35.610Z] > command requires scopes: ["email","openid","https://www.googleapis.com/auth/cloudplatformprojects.readonly","https://www.googleapis.com/auth/firebase","https://www.googleapis.com/auth/cloud-platform"]
[debug] [2020-04-19T23:13:35.611Z] > authorizing via signed-in user
[debug] [2020-04-19T23:13:35.611Z] [iam] checking project q-topup for permissions ["firebase.projects.get"]
[debug] [2020-04-19T23:13:35.617Z] >>> HTTP REQUEST POST https://cloudresourcemanager.googleapis.com/v1/projects/q-topup:testIamPermissions  
 {"permissions":["firebase.projects.get"]}
[debug] [2020-04-19T23:13:45.659Z] [iam] error while checking permissions, command may fail: FirebaseError: Server Error. getaddrinfo ENOTFOUND cloudresourcemanager.googleapis.com cloudresourcemanager.googleapis.com:443
[debug] [2020-04-19T23:13:45.661Z] >>> HTTP REQUEST GET https://firebase.googleapis.com/v1beta1/projects/q-topup  
 
[debug] [2020-04-19T23:13:52.426Z] <<< HTTP RESPONSE 200 {"content-type":"application/json; charset=UTF-8","vary":"X-Origin, Referer, Origin,Accept-Encoding","date":"Sun, 19 Apr 2020 23:13:52 GMT","server":"ESF","cache-control":"private","x-xss-protection":"0","x-frame-options":"SAMEORIGIN","x-content-type-options":"nosniff","alt-svc":"quic=\":443\"; ma=2592000; v=\"46,43\",h3-Q050=\":443\"; ma=2592000,h3-Q049=\":443\"; ma=2592000,h3-Q048=\":443\"; ma=2592000,h3-Q046=\":443\"; ma=2592000,h3-Q043=\":443\"; ma=2592000,h3-T050=\":443\"; ma=2592000","accept-ranges":"none","transfer-encoding":"chunked"}
[info] 
[info] === Serving from '/home/moses/Desktop/Data Site/Front-end'...
[info] 
[debug] [2020-04-19T23:13:52.433Z] >>> HTTP REQUEST GET https://firebase.googleapis.com/v1beta1/projects/q-topup/webApps/-/config  
 
[debug] [2020-04-19T23:13:53.366Z] <<< HTTP RESPONSE 200 {"content-type":"application/json; charset=UTF-8","vary":"X-Origin, Referer, Origin,Accept-Encoding","date":"Sun, 19 Apr 2020 23:13:53 GMT","server":"ESF","cache-control":"private","x-xss-protection":"0","x-frame-options":"SAMEORIGIN","x-content-type-options":"nosniff","alt-svc":"quic=\":443\"; ma=2592000; v=\"46,43\",h3-Q050=\":443\"; ma=2592000,h3-Q049=\":443\"; ma=2592000,h3-Q048=\":443\"; ma=2592000,h3-Q046=\":443\"; ma=2592000,h3-Q043=\":443\"; ma=2592000,h3-T050=\":443\"; ma=2592000","accept-ranges":"none","transfer-encoding":"chunked"}
[info] i  hosting: Serving hosting files from: build
[info] ✔  hosting: Local server: http://localhost:5000
